Build started 28/06/2016 17:24:25.
     1>Project "C:\Users\user\Desktop\meth6\ConsoleForm.vcxproj" on node 2 (Build target(s)).
     1>ClCompile:
         C:\Program Files (x86)\Microsoft Visual Studio 12.0\VC\bin\CL.exe /c /AI"C:\Program Files (x86)\Reference Assemblies\Microsoft\Framework\.NETFramework\v4.0" /AI"C:\Program Files (x86)\Windows Kits\8.1\References\CommonConfiguration\Neutral" /Zi /clr /nologo /W3 /WX- /sdl /Od /Oy- /D WIN32 /D _DEBUG /D _CONSOLE /D _LIB /D _UNICODE /D UNICODE /EHa /MDd /GS /fp:precise /Zc:wchar_t /Zc:forScope /Fo"Debug\\" /Fd"Debug\vc120.pdb" /TP /FU"C:\Program Files (x86)\Reference Assemblies\Microsoft\Framework\.NETFramework\v4.0\mscorlib.dll" /analyze- /errorReport:prompt /clr:nostdlib Form.cpp Main.cpp NumericBox.cpp Panel.cpp
         Form.cpp
         Main.cpp
         NumericBox.cpp
         Panel.cpp
         Generating Code...
       Link:
         C:\Program Files (x86)\Microsoft Visual Studio 12.0\VC\bin\link.exe /ERRORREPORT:PROMPT /OUT:"C:\Users\user\Desktop\meth6\Debug\ConsoleForm.exe" /INCREMENTAL /NOLOGO kernel32.lib user32.lib gdi32.lib winspool.lib comdlg32.lib advapi32.lib shell32.lib ole32.lib oleaut32.lib uuid.lib odbc32.lib odbccp32.lib /MANIFEST /MANIFESTUAC:"level='asInvoker' uiAccess='false'" /manifest:embed /DEBUG /PDB:"C:\Users\user\Desktop\meth6\Debug\ConsoleForm.pdb" /ASSEMBLYDEBUG /SUBSYSTEM:CONSOLE /TLBID:1 /DYNAMICBASE /FIXED:NO /NXCOMPAT /MACHINE:X86 Debug\Button.obj
         Debug\Control.obj
         Debug\EventEngine.obj
         Debug\Form.obj
         Debug\Graphics.obj
         Debug\Main.obj
         Debug\NumericBox.obj
         Debug\Panel.obj
         Debug\TextBox.obj
         "Debug\.NETFramework,Version=v4.0.AssemblyAttributes.obj"
         ConsoleForm.vcxproj -> C:\Users\user\Desktop\meth6\Debug\ConsoleForm.exe
     1>Done Building Project "C:\Users\user\Desktop\meth6\ConsoleForm.vcxproj" (Build target(s)).

Build succeeded.

Time Elapsed 00:00:04.77
