Build started 7/11/2016 6:20:15 PM.
     1>Project "C:\Users\Oran\Documents\GitHub\new meth6 merge\meth6\Main\Main.vcxproj" on node 2 (Build target(s)).
     1>Link:
         C:\Program Files (x86)\Microsoft Visual Studio 12.0\VC\bin\link.exe /ERRORREPORT:PROMPT /OUT:"C:\Users\Oran\Documents\GitHub\new meth6 merge\meth6\Debug\Main.exe" /INCREMENTAL /NOLOGO kernel32.lib user32.lib gdi32.lib winspool.lib comdlg32.lib advapi32.lib shell32.lib ole32.lib oleaut32.lib uuid.lib odbc32.lib odbccp32.lib /MANIFEST /MANIFESTUAC:"level='asInvoker' uiAccess='false'" /manifest:embed /DEBUG /PDB:"C:\Users\Oran\Documents\GitHub\new meth6 merge\meth6\Debug\Main.pdb" /SUBSYSTEM:CONSOLE /TLBID:1 /DYNAMICBASE /NXCOMPAT /IMPLIB:"C:\Users\Oran\Documents\GitHub\new meth6 merge\meth6\Debug\Main.lib" /MACHINE:X86 Debug\main.obj
         "C:\Users\Oran\Documents\GitHub\new meth6 merge\meth6\Debug\Button.lib"
         "C:\Users\Oran\Documents\GitHub\new meth6 merge\meth6\Debug\Checklist.lib"
         "C:\Users\Oran\Documents\GitHub\new meth6 merge\meth6\Debug\ComboBox.lib"
         "C:\Users\Oran\Documents\GitHub\new meth6 merge\meth6\Debug\Control.lib"
         "C:\Users\Oran\Documents\GitHub\new meth6 merge\meth6\Debug\EventEngine.lib"
         "C:\Users\Oran\Documents\GitHub\new meth6 merge\meth6\Debug\Graphics.lib"
         "C:\Users\Oran\Documents\GitHub\new meth6 merge\meth6\Debug\Label.lib"
         "C:\Users\Oran\Documents\GitHub\new meth6 merge\meth6\Debug\MessageBox.lib"
         "C:\Users\Oran\Documents\GitHub\new meth6 merge\meth6\Debug\NumericBox.lib"
         "C:\Users\Oran\Documents\GitHub\new meth6 merge\meth6\Debug\Panel.lib"
         "C:\Users\Oran\Documents\GitHub\new meth6 merge\meth6\Debug\Radiolist.lib"
         "C:\Users\Oran\Documents\GitHub\new meth6 merge\meth6\Debug\TextBox.lib"
         Main.vcxproj -> C:\Users\Oran\Documents\GitHub\new meth6 merge\meth6\Debug\Main.exe
     1>Done Building Project "C:\Users\Oran\Documents\GitHub\new meth6 merge\meth6\Main\Main.vcxproj" (Build target(s)).

Build succeeded.

Time Elapsed 00:00:03.68
