Build started 7/8/2016 5:21:19 PM.
     1>Project "C:\Users\Oran\Documents\GitHub\meth6\Controllers\Controllers.vcxproj" on node 2 (Build target(s)).
     1>ClCompile:
         C:\Program Files (x86)\Microsoft Visual Studio 12.0\VC\bin\CL.exe /c /AI"C:\Program Files (x86)\Reference Assemblies\Microsoft\Framework\.NETFramework\v4.0" /AI"C:\Program Files (x86)\Windows Kits\8.1\References\CommonConfiguration\Neutral" /Zi /clr /nologo /W3 /WX- /Od /Oy- /D WIN32 /D _DEBUG /D _CONSOLE /D _LIB /D _UNICODE /D UNICODE /EHa /MDd /GS /fp:precise /Zc:wchar_t /Zc:forScope /Fo"Debug\\" /Fd"Debug\vc120.pdb" /TP /FU"C:\Program Files (x86)\Reference Assemblies\Microsoft\Framework\.NETFramework\v4.0\mscorlib.dll" /analyze- /errorReport:prompt /clr:nostdlib main.cpp
         main.cpp
       Link:
         C:\Program Files (x86)\Microsoft Visual Studio 12.0\VC\bin\link.exe /ERRORREPORT:PROMPT /OUT:"C:\Users\Oran\Documents\GitHub\meth6\ConsoleApplication\Debug\Program.exe" /INCREMENTAL /NOLOGO kernel32.lib user32.lib gdi32.lib winspool.lib comdlg32.lib advapi32.lib shell32.lib ole32.lib oleaut32.lib uuid.lib odbc32.lib odbccp32.lib /MANIFEST /MANIFESTUAC:"level='asInvoker' uiAccess='false'" /manifest:embed /DEBUG /PDB:"C:\Users\Oran\Documents\GitHub\meth6\ConsoleApplication\Debug\Program.pdb" /ASSEMBLYDEBUG /SUBSYSTEM:CONSOLE /TLBID:1 /DYNAMICBASE /FIXED:NO /NXCOMPAT /MACHINE:X86 Debug\main.obj
         "Debug\.NETFramework,Version=v4.0.AssemblyAttributes.obj"
         C:\Users\Oran\Documents\GitHub\meth6\ConsoleApplication\Debug\Button.lib
         C:\Users\Oran\Documents\GitHub\meth6\ConsoleApplication\Debug\ComboBox.lib
         C:\Users\Oran\Documents\GitHub\meth6\ConsoleApplication\Debug\Control.lib
         C:\Users\Oran\Documents\GitHub\meth6\ConsoleApplication\Debug\EventEngine.lib
         C:\Users\Oran\Documents\GitHub\meth6\ConsoleApplication\Debug\Graphics.lib
         C:\Users\Oran\Documents\GitHub\meth6\ConsoleApplication\Debug\Label.lib
         C:\Users\Oran\Documents\GitHub\meth6\ConsoleApplication\Debug\Panel.lib
         C:\Users\Oran\Documents\GitHub\meth6\ConsoleApplication\Debug\TextBox.lib
     1>Button.lib(Button.obj) : warning LNK4075: ignoring '/EDITANDCONTINUE' due to '/OPT:LBR' specification
         Controllers.vcxproj -> C:\Users\Oran\Documents\GitHub\meth6\ConsoleApplication\Debug\Program.exe
     1>Done Building Project "C:\Users\Oran\Documents\GitHub\meth6\Controllers\Controllers.vcxproj" (Build target(s)).

Build succeeded.

Time Elapsed 00:00:01.90
