c:\users\oran\documents\github\controlsnew\controllers\debug\vc120.pdb
c:\users\oran\documents\github\controlsnew\controllers\debug\.netframework,version=v4.0.assemblyattributes.obj
c:\users\oran\documents\github\controlsnew\controllers\debug\main.obj
c:\users\oran\documents\github\controlsnew\controllers\debug\controllers.vcxprojresolveassemblyreference.cache
c:\users\oran\documents\github\controlsnew\controllers\debug\vc120.idb
c:\users\oran\documents\github\controlsnew\consoleapplication1\debug\program.pdb
c:\users\oran\documents\github\controlsnew\controllers\debug\program.tlog\cl.command.1.tlog
c:\users\oran\documents\github\controlsnew\controllers\debug\program.tlog\cl.read.1.tlog
c:\users\oran\documents\github\controlsnew\controllers\debug\program.tlog\cl.write.1.tlog
c:\users\oran\documents\github\controlsnew\controllers\debug\program.tlog\link.5760-cvtres.read.1.tlog
c:\users\oran\documents\github\controlsnew\controllers\debug\program.tlog\link.5760-cvtres.write.1.tlog
c:\users\oran\documents\github\controlsnew\controllers\debug\program.tlog\link.5760-rc.read.1.tlog
c:\users\oran\documents\github\controlsnew\controllers\debug\program.tlog\link.5760-rc.write.1.tlog
c:\users\oran\documents\github\controlsnew\controllers\debug\program.tlog\link.5760.read.1.tlog
c:\users\oran\documents\github\controlsnew\controllers\debug\program.tlog\link.5760.write.1.tlog
c:\users\oran\documents\github\controlsnew\controllers\debug\program.tlog\link.command.1.tlog
c:\users\oran\documents\github\controlsnew\controllers\debug\program.tlog\link.read.1.tlog
c:\users\oran\documents\github\controlsnew\controllers\debug\program.tlog\link.write.1.tlog
c:\users\oran\documents\github\controlsnew\controllers\debug\program.tlog\metagen.read.1.tlog
c:\users\oran\documents\github\controlsnew\controllers\debug\program.tlog\metagen.write.1.tlog
c:\users\oran\documents\github\controlsnew\controllers\debug\program.tlog\tzres.dll.bi
